[    0.000000] Linux version 4.15.0-212-generic (buildd@lcy02-amd64-083) (gcc version 7.5.0 (Ubuntu 7.5.0-3ubuntu1~18.04)) #223-Ubuntu SMP Tue May 23 13:09:22 UTC 2023 (Ubuntu 4.15.0-212.223-generic 4.15.18)
[    0.000000] Command line: BOOT_IMAGE=/boot/vmlinuz-4.15.0-212-generic root=LABEL=cloudimg-rootfs ro console=tty1 console=ttyS0
[    0.000000] KERNEL supported cpus:
[    0.000000]   Intel GenuineIntel
[    0.000000]   AMD AuthenticAMD
[    0.000000]   Centaur CentaurHauls
[    0.000000] x86/fpu: Supporting XSAVE feature 0x001: 'x87 floating point registers'
[    0.000000] x86/fpu: Supporting XSAVE feature 0x002: 'SSE registers'
[    0.000000] x86/fpu: Supporting XSAVE feature 0x004: 'AVX registers'
[    0.000000] x86/fpu: xstate_offset[2]:  576, xstate_sizes[2]:  256
[    0.000000] x86/fpu: Enabled xstate features 0x7, context size is 832 bytes, using 'standard' format.
[    0.000000] e820: BIOS-provided physical RAM map:
[    0.000000] BIOS-e820: [mem 0x0000000000000000-0x000000000009fbff] usable
[    0.000000] BIOS-e820: [mem 0x000000000009fc00-0x000000000009ffff] reserved
[    0.000000] BIOS-e820: [mem 0x00000000000f0000-0x00000000000fffff] reserved
[    0.000000] BIOS-e820: [mem 0x0000000000100000-0x000000003ffeffff] usable
[    0.000000] BIOS-e820: [mem 0x000000003fff0000-0x000000003fffffff] ACPI data
[    0.000000] BIOS-e820: [mem 0x00000000fec00000-0x00000000fec00fff] reserved
[    0.000000] BIOS-e820: [mem 0x00000000fee00000-0x00000000fee00fff] reserved
[    0.000000] BIOS-e820: [mem 0x00000000fffc0000-0x00000000ffffffff] reserved
[    0.000000] NX (Execute Disable) protection: active
[    0.000000] SMBIOS 2.5 present.
[    0.000000] DMI: innotek GmbH VirtualBox/VirtualBox, BIOS VirtualBox 12/01/2006
[    0.000000] Hypervisor detected: KVM
[    0.000000] e820: last_pfn = 0x3fff0 max_arch_pfn = 0x400000000
[    0.000000] MTRR: Disabled
[    0.000000] x86/PAT: MTRRs disabled, skipping PAT initialization too.
[    0.000000] CPU MTRRs all blank - virtualized system.
[    0.000000] x86/PAT: Configuration [0-7]: WB  WT  UC- UC  WB  WT  UC- UC  
[    0.000000] found SMP MP-table at [mem 0x0009fff0-0x0009ffff]
[    0.000000] Scanning 1 areas for low memory corruption
[    0.000000] RAMDISK: [mem 0x359cb000-0x36cdcfff]
[    0.000000] ACPI: Early table checksum verification disabled
[    0.000000] ACPI: RSDP 0x00000000000E0000 000024 (v02 VBOX  )
[    0.000000] ACPI: XSDT 0x000000003FFF0030 00003C (v01 VBOX   VBOXXSDT 00000001 ASL  00000061)
[    0.000000] ACPI: FACP 0x000000003FFF00F0 0000F4 (v04 VBOX   VBOXFACP 00000001 ASL  00000061)
[    0.000000] ACPI: DSDT 0x000000003FFF0610 002353 (v02 VBOX   VBOXBIOS 00000002 INTL 20210930)
[    0.000000] ACPI: FACS 0x000000003FFF0200 000040
[    0.000000] ACPI: FACS 0x000000003FFF0200 000040
[    0.000000] ACPI: APIC 0x000000003FFF0240 00005C (v02 VBOX   VBOXAPIC 00000001 ASL  00000061)
[    0.000000] ACPI: SSDT 0x000000003FFF02A0 00036C (v01 VBOX   VBOXCPUT 00000002 INTL 20210930)
[    0.000000] ACPI: Reserving FACP table memory at [mem 0x3fff00f0-0x3fff01e3]
[    0.000000] ACPI: Reserving DSDT table memory at [mem 0x3fff0610-0x3fff2962]
[    0.000000] ACPI: Reserving FACS table memory at [mem 0x3fff0200-0x3fff023f]
[    0.000000] ACPI: Reserving FACS table memory at [mem 0x3fff0200-0x3fff023f]
[    0.000000] ACPI: Reserving APIC table memory at [mem 0x3fff0240-0x3fff029b]
[    0.000000] ACPI: Reserving SSDT table memory at [mem 0x3fff02a0-0x3fff060b]
[    0.000000] No NUMA configuration found
[    0.000000] Faking a node at [mem 0x0000000000000000-0x000000003ffeffff]
[    0.000000] NODE_DATA(0) allocated [mem 0x3ffc5000-0x3ffeffff]
[    0.000000] kvm-clock: cpu 0, msr 0:3ff44001, primary cpu clock
[    0.000000] kvm-clock: Using msrs 4b564d01 and 4b564d00
[    0.000000] kvm-clock: using sched offset of 3620765198 cycles
[    0.000000] clocksource: kvm-clock: mask: 0xffffffffffffffff max_cycles: 0x1cd42e4dffb, max_idle_ns: 881590591483 ns
[    0.000000] Zone ranges:
[    0.000000]   DMA      [mem 0x0000000000001000-0x0000000000ffffff]
[    0.000000]   DMA32    [mem 0x0000000001000000-0x000000003ffeffff]
[    0.000000]   Normal   empty
[    0.000000]   Device   empty
[    0.000000] Movable zone start for each node
[    0.000000] Early memory node ranges
[    0.000000]   node   0: [mem 0x0000000000001000-0x000000000009efff]
[    0.000000]   node   0: [mem 0x0000000000100000-0x000000003ffeffff]
[    0.000000] Reserved but unavailable: 104 pages
[    0.000000] Initmem setup node 0 [mem 0x0000000000001000-0x000000003ffeffff]
[    0.000000] ACPI: PM-Timer IO Port: 0x4008
[    0.000000] IOAPIC[0]: apic_id 2, version 32, address 0xfec00000, GSI 0-23
[    0.000000] ACPI: INT_SRC_OVR (bus 0 bus_irq 0 global_irq 2 dfl dfl)
[    0.000000] ACPI: INT_SRC_OVR (bus 0 bus_irq 9 global_irq 9 low level)
[    0.000000] Using ACPI (MADT) for SMP configuration information
[    0.000000] smpboot: Allowing 2 CPUs, 0 hotplug CPUs
[    0.000000] PM: Registered nosave memory: [mem 0x00000000-0x00000fff]
[    0.000000] PM: Registered nosave memory: [mem 0x0009f000-0x0009ffff]
[    0.000000] PM: Registered nosave memory: [mem 0x000a0000-0x000effff]
[    0.000000] PM: Registered nosave memory: [mem 0x000f0000-0x000fffff]
[    0.000000] e820: [mem 0x40000000-0xfebfffff] available for PCI devices
[    0.000000] Booting paravirtualized kernel on KVM
[    0.000000] clocksource: refined-jiffies: mask: 0xffffffff max_cycles: 0xffffffff, max_idle_ns: 7645519600211568 ns
[    0.000000] setup_percpu: NR_CPUS:8192 nr_cpumask_bits:2 nr_cpu_ids:2 nr_node_ids:1
[    0.000000] percpu: Embedded 50 pages/cpu s167936 r8192 d28672 u1048576
[    0.000000] PV qspinlock hash table entries: 256 (order: 0, 4096 bytes)
[    0.000000] Built 1 zonelists, mobility grouping on.  Total pages: 257913
[    0.000000] Policy zone: DMA32
[    0.000000] Kernel command line: BOOT_IMAGE=/boot/vmlinuz-4.15.0-212-generic root=LABEL=cloudimg-rootfs ro console=tty1 console=ttyS0
[    0.000000] Memory: 982644K/1048120K available (12300K kernel code, 2477K rwdata, 4324K rodata, 2480K init, 2720K bss, 65476K reserved, 0K cma-reserved)
[    0.000000] SLUB: HWalign=64, Order=0-3, MinObjects=0, CPUs=2, Nodes=1
[    0.000000] Kernel/User page tables isolation: enabled
[    0.000000] ftrace: allocating 39508 entries in 155 pages
[    0.004000] Hierarchical RCU implementation.
[    0.004000] 	RCU restricting CPUs from NR_CPUS=8192 to nr_cpu_ids=2.
[    0.004000] 	Tasks RCU enabled.
[    0.004000] RCU: Adjusting geometry for rcu_fanout_leaf=16, nr_cpu_ids=2
[    0.004000] NR_IRQS: 524544, nr_irqs: 440, preallocated irqs: 16
[    0.004000] random: crng init done
[    0.004000] Console: colour VGA+ 80x25
[    0.004000] console [tty1] enabled
[    0.004000] console [ttyS0] enabled
[    0.004000] ACPI: Core revision 20170831
[    0.004000] ACPI: 2 ACPI AML tables successfully acquired and loaded
[    0.004000] APIC: Switch to symmetric I/O mode setup
[    0.004000] x2apic enabled
[    0.004019] Switched APIC routing to physical x2apic.
[    0.008000] ..TIMER: vector=0x30 apic1=0 pin1=2 apic2=-1 pin2=-1
[    0.008005] tsc: Detected 1399.338 MHz processor
[    0.012010] Calibrating delay loop (skipped) preset value.. 2798.67 BogoMIPS (lpj=5597352)
[    0.016005] pid_max: default: 32768 minimum: 301
[    0.020045] Security Framework initialized
[    0.022522] Yama: becoming mindful.
[    0.024048] AppArmor: AppArmor initialized
[    0.029427] Dentry cache hash table entries: 131072 (order: 8, 1048576 bytes)
[    0.032711] Inode-cache hash table entries: 65536 (order: 7, 524288 bytes)
[    0.036037] Mount-cache hash table entries: 2048 (order: 2, 16384 bytes)
[    0.040027] Mountpoint-cache hash table entries: 2048 (order: 2, 16384 bytes)
[    0.048926] Last level iTLB entries: 4KB 64, 2MB 8, 4MB 8
[    0.052002] Last level dTLB entries: 4KB 64, 2MB 0, 4MB 0, 1GB 4
[    0.055569] Spectre V1 : Mitigation: usercopy/swapgs barriers and __user pointer sanitization
[    0.056003] Spectre V2 : Mitigation: Retpolines
[    0.058748] Spectre V2 : Spectre v2 / SpectreRSB mitigation: Filling RSB on context switch
[    0.060004] Spectre V2 : Spectre v2 / SpectreRSB : Filling RSB on VMEXIT
[    0.064004] RETBleed: WARNING: Spectre v2 mitigation leaves CPU vulnerable to RETBleed attacks, data leaks possible!
[    0.068004] RETBleed: Vulnerable
[    0.072004] Speculative Store Bypass: Vulnerable
[    0.076111] MDS: Mitigation: Clear CPU buffers
[    0.078832] MMIO Stale Data: Mitigation: Clear CPU buffers
[    0.080017] SRBDS: Unknown: Dependent on hypervisor status
[    0.084173] Freeing SMP alternatives memory: 36K
[    0.201116] APIC calibration not consistent with PM-Timer: 101ms instead of 100ms
[    0.204000] APIC delta adjusted to PM-Timer: 6265881 (6367391)
[    0.204432] smpboot: CPU0: Intel(R) Core(TM) i5-8257U CPU @ 1.40GHz (family: 0x6, model: 0x8e, stepping: 0xa)
[    0.208212] Performance Events: unsupported p6 CPU model 142 no PMU driver, software events only.
[    0.212079] Hierarchical SRCU implementation.
[    0.216601] NMI watchdog: Perf event create on CPU 0 failed with -2
[    0.220003] NMI watchdog: Perf NMI watchdog permanently disabled
[    0.224159] smp: Bringing up secondary CPUs ...
[    0.228376] x86: Booting SMP configuration:
[    0.232003] .... node  #0, CPUs:      #1
[    0.004000] kvm-clock: cpu 1, msr 0:3ff44041, secondary cpu clock
[    0.236106] smp: Brought up 1 node, 2 CPUs
[    0.240007] smpboot: Max logical packages: 1
[    0.242565] smpboot: Total of 2 processors activated (5597.35 BogoMIPS)
[    0.244228] devtmpfs: initialized
[    0.248072] x86/mm: Memory block size: 128MB
[    0.250839] evm: security.selinux
[    0.252005] evm: security.SMACK64
[    0.254179] evm: security.SMACK64EXEC
[    0.256000] evm: security.SMACK64TRANSMUTE
[    0.256004] evm: security.SMACK64MMAP
[    0.258345] evm: security.apparmor
[    0.260002] evm: security.ima
[    0.261894] evm: security.capability
[    0.264196] clocksource: jiffies: mask: 0xffffffff max_cycles: 0xffffffff, max_idle_ns: 7645041785100000 ns
[    0.268037] futex hash table entries: 512 (order: 3, 32768 bytes)
[    0.272105] pinctrl core: initialized pinctrl subsystem
[    0.276349] RTC time: 15:21:40, date: 02/08/24
[    0.280367] NET: Registered protocol family 16
[    0.284084] audit: initializing netlink subsys (disabled)
[    0.288074] audit: type=2000 audit(1707405704.787:1): state=initialized audit_enabled=0 res=1
[    0.292014] cpuidle: using governor ladder
[    0.294490] cpuidle: using governor menu
[    0.296055] ACPI: bus type PCI registered
[    0.300005] acpiphp: ACPI Hot Plug PCI Controller Driver version: 0.5
[    0.304344] PCI: Using configuration type 1 for base access
[    0.312087] HugeTLB registered 2.00 MiB page size, pre-allocated 0 pages
[    0.316173] ACPI: Added _OSI(Module Device)
[    0.320033] ACPI: Added _OSI(Processor Device)
[    0.324009] ACPI: Added _OSI(3.0 _SCP Extensions)
[    0.327170] ACPI: Added _OSI(Processor Aggregator Device)
[    0.328004] ACPI: Added _OSI(Linux-Dell-Video)
[    0.332004] ACPI: Added _OSI(Linux-Lenovo-NV-HDMI-Audio)
[    0.336003] ACPI: Added _OSI(Linux-HPI-Hybrid-Graphics)
[    0.339664] ACPI: Executed 1 blocks of module-level executable AML code
[    0.348287] ACPI: Interpreter enabled
[    0.350500] ACPI: (supports S0 S5)
[    0.352003] ACPI: Using IOAPIC for interrupt routing
[    0.356269] PCI: Using host bridge windows from ACPI; if necessary, use "pci=nocrs" and report a bug
[    0.360232] ACPI: Enabled 2 GPEs in block 00 to 07
[    0.374445] ACPI: PCI Root Bridge [PCI0] (domain 0000 [bus 00-ff])
[    0.376012] acpi PNP0A03:00: _OSC: OS supports [ASPM ClockPM Segments MSI]
[    0.380740] acpi PNP0A03:00: _OSC: not requesting OS control; OS requires [ExtendedConfig ASPM ClockPM MSI]
[    0.384017] acpi PNP0A03:00: fail to add MMCONFIG information, can't access extended PCI configuration space under this bridge.
[    0.392056] PCI host bridge to bus 0000:00
[    0.394536] pci_bus 0000:00: root bus resource [io  0x0000-0x0cf7 window]
[    0.396006] pci_bus 0000:00: root bus resource [io  0x0d00-0xffff window]
[    0.400014] pci_bus 0000:00: root bus resource [mem 0x000a0000-0x000bffff window]
[    0.404009] pci_bus 0000:00: root bus resource [mem 0x40000000-0xfdffffff window]
[    0.408007] pci_bus 0000:00: root bus resource [bus 00-ff]
[    0.421930] pci 0000:00:01.1: legacy IDE quirk: reg 0x10: [io  0x01f0-0x01f7]
[    0.424006] pci 0000:00:01.1: legacy IDE quirk: reg 0x14: [io  0x03f6]
[    0.428008] pci 0000:00:01.1: legacy IDE quirk: reg 0x18: [io  0x0170-0x0177]
[    0.432006] pci 0000:00:01.1: legacy IDE quirk: reg 0x1c: [io  0x0376]
[    0.513577] pci 0000:00:07.0: quirk: [io  0x4000-0x403f] claimed by PIIX4 ACPI
[    0.516053] pci 0000:00:07.0: quirk: [io  0x4100-0x410f] claimed by PIIX4 SMB
[    0.538048] ACPI: PCI Interrupt Link [LNKA] (IRQs 5 9 10 *11)
[    0.540749] ACPI: PCI Interrupt Link [LNKB] (IRQs 5 9 *10 11)
[    0.544215] ACPI: PCI Interrupt Link [LNKC] (IRQs 5 *9 10 11)
[    0.548242] ACPI: PCI Interrupt Link [LNKD] (IRQs 5 9 10 *11)
[    0.552481] SCSI subsystem initialized
[    0.556076] pci 0000:00:02.0: vgaarb: setting as boot VGA device
[    0.559664] pci 0000:00:02.0: vgaarb: VGA device added: decodes=io+mem,owns=io+mem,locks=none
[    0.560008] pci 0000:00:02.0: vgaarb: bridge control possible
[    0.564003] vgaarb: loaded
[    0.565794] ACPI: bus type USB registered
[    0.568020] usbcore: registered new interface driver usbfs
[    0.572031] usbcore: registered new interface driver hub
[    0.576017] usbcore: registered new device driver usb
[    0.580109] EDAC MC: Ver: 3.0.0
[    0.584558] PCI: Using ACPI for IRQ routing
[    0.588164] NetLabel: Initializing
[    0.590346] NetLabel:  domain hash size = 128
[    0.592002] NetLabel:  protocols = UNLABELED CIPSOv4 CALIPSO
[    0.596020] NetLabel:  unlabeled traffic allowed by default
[    0.600129] clocksource: Switched to clocksource kvm-clock
[    0.623749] VFS: Disk quotas dquot_6.6.0
[    0.626304] VFS: Dquot-cache hash table entries: 512 (order 0, 4096 bytes)
[    0.630581] AppArmor: AppArmor Filesystem Enabled
[    0.633533] pnp: PnP ACPI init
[    0.637689] pnp: PnP ACPI: found 3 devices
[    0.656716] clocksource: acpi_pm: mask: 0xffffff max_cycles: 0xffffff, max_idle_ns: 2085701024 ns
[    0.665024] NET: Registered protocol family 2
[    0.668000] IP idents hash table entries: 16384 (order: 5, 131072 bytes)
[    0.687850] TCP established hash table entries: 8192 (order: 4, 65536 bytes)
[    0.692074] TCP bind hash table entries: 8192 (order: 5, 131072 bytes)
[    0.695990] TCP: Hash tables configured (established 8192 bind 8192)
[    0.699897] UDP hash table entries: 512 (order: 2, 16384 bytes)
[    0.703390] UDP-Lite hash table entries: 512 (order: 2, 16384 bytes)
[    0.707243] NET: Registered protocol family 1
[    0.709913] pci 0000:00:00.0: Limiting direct PCI/PCI transfers
[    0.713424] pci 0000:00:01.0: Activating ISA DMA hang workarounds
[    0.717183] pci 0000:00:02.0: Video device with shadowed ROM at [mem 0x000c0000-0x000dffff]
[    0.722235] Unpacking initramfs...
[    1.049477] Freeing initrd memory: 19528K
[    1.053381] clocksource: tsc: mask: 0xffffffffffffffff max_cycles: 0x142baef6e46, max_idle_ns: 440795235620 ns
[    1.059317] platform rtc_cmos: registered platform RTC device (no PNP device found)
[    1.063959] Scanning for low memory corruption every 60 seconds
[    1.069429] Initialise system trusted keyrings
[    1.079999] Key type blacklist registered
[    1.084400] workingset: timestamp_bits=36 max_order=18 bucket_order=0
[    1.124770] zbud: loaded
[    1.127749] squashfs: version 4.0 (2009/01/31) Phillip Lougher
[    1.134341] fuse init (API version 7.26)
[    1.152079] Key type asymmetric registered
[    1.154593] Asymmetric key parser 'x509' registered
[    1.157657] Block layer SCSI generic (bsg) driver version 0.4 loaded (major 246)
[    1.162407] io scheduler noop registered
[    1.165182] io scheduler deadline registered
[    1.168642] io scheduler cfq registered (default)
[    1.172186] ACPI: AC Adapter [AC] (on-line)
[    1.175008] input: Power Button as /devices/LNXSYSTM:00/LNXPWRBN:00/input/input0
[    1.179745] ACPI: Power Button [PWRF]
[    1.182532] input: Sleep Button as /devices/LNXSYSTM:00/LNXSLPBN:00/input/input1
[    1.187027] ACPI: Sleep Button [SLPF]
[    1.191873] ACPI: Battery Slot [BAT0] (battery present)
[    1.195499] Serial: 8250/16550 driver, 32 ports, IRQ sharing enabled
[    1.225214] 00:02: ttyS0 at I/O 0x3f8 (irq = 4, base_baud = 115200) is a 16550A
[    1.238174] Linux agpgart interface v0.103
[    1.244910] loop: module loaded
[    1.248445] scsi host0: ata_piix
[    1.250785] scsi host1: ata_piix
[    1.253143] ata1: PATA max UDMA/33 cmd 0x1f0 ctl 0x3f6 bmdma 0xd000 irq 14
[    1.257706] ata2: PATA max UDMA/33 cmd 0x170 ctl 0x376 bmdma 0xd008 irq 15
[    1.262470] tun: Universal TUN/TAP device driver, 1.6
[    1.265914] PPP generic driver version 2.4.2
[    1.269197] ehci_hcd: USB 2.0 'Enhanced' Host Controller (EHCI) Driver
[    1.273115] ehci-pci: EHCI PCI platform driver
[    1.275802] ehci-platform: EHCI generic platform driver
[    1.278993] ohci_hcd: USB 1.1 'Open' Host Controller (OHCI) Driver
[    1.283072] ohci-pci: OHCI PCI platform driver
[    1.285811] ohci-platform: OHCI generic platform driver
[    1.289398] uhci_hcd: USB Universal Host Controller Interface driver
[    1.293136] i8042: PNP: PS/2 Controller [PNP0303:PS2K,PNP0f03:PS2M] at 0x60,0x64 irq 1,12
[    1.300129] serio: i8042 KBD port at 0x60,0x64 irq 1
[    1.303154] serio: i8042 AUX port at 0x60,0x64 irq 12
[    1.306911] mousedev: PS/2 mouse device common for all mice
[    1.312721] input: AT Translated Set 2 keyboard as /devices/platform/i8042/serio0/input/input2
[    1.316656] rtc_cmos rtc_cmos: rtc core: registered rtc_cmos as rtc0
[    1.322474] rtc_cmos rtc_cmos: alarms up to one day, 114 bytes nvram
[    1.326799] i2c /dev entries driver
[    1.329241] device-mapper: uevent: version 1.0.3
[    1.332461] device-mapper: ioctl: 4.37.0-ioctl (2017-09-20) initialised: dm-devel@redhat.com
[    1.338087] ledtrig-cpu: registered to indicate activity on CPUs
[    1.343225] NET: Registered protocol family 10
[    1.351701] Segment Routing with IPv6
[    1.354176] NET: Registered protocol family 17
[    1.357397] Key type dns_resolver registered
[    1.360690] mce: Using 0 MCE banks
[    1.362993] RAS: Correctable Errors collector initialized.
[    1.366514] sched_clock: Marking stable (1366436180, 0)->(1905572376, -539136196)
[    1.373084] registered taskstats version 1
[    1.375807] Loading compiled-in X.509 certificates
[    1.381908] Loaded X.509 cert 'Build time autogenerated kernel key: b5b26778eaa3ab3a4a6cee031137706e947d12ad'
[    1.388275] Loaded X.509 cert 'Canonical Ltd. Live Patch Signing: 14df34d1a87cf37625abec039ef2bf521249b969'
[    1.394829] Loaded X.509 cert 'Canonical Ltd. Kernel Module Signing: 88f752e560a1e0737e31163a466ad7b70a850c19'
[    1.400801] blacklist: Loading compiled-in revocation X.509 certificates
[    1.405323] Loaded X.509 cert 'Canonical Ltd. Secure Boot Signing: 61482aa2830d0ab2ad5af10b7250da9033ddcef0'
[    1.411097] Loaded X.509 cert 'Canonical Ltd. Secure Boot Signing (2017): 242ade75ac4a15e50d50c84b0d45ff3eae707a03'
[    1.417391] Loaded X.509 cert 'Canonical Ltd. Secure Boot Signing (ESM 2018): 365188c1d374d6b07c3c8f240f8ef722433d6a8b'
[    1.423646] Loaded X.509 cert 'Canonical Ltd. Secure Boot Signing (2019): c0746fd6c5da3ae827864651ad66ae47fe24b3e8'
[    1.434309] Loaded X.509 cert 'Canonical Ltd. Secure Boot Signing (2021 v1): a8d54bbb3825cfb94fa13c9f8a594a195c107b8d'
[    1.441685] Loaded X.509 cert 'Canonical Ltd. Secure Boot Signing (2021 v2): 4cf046892d6fd3c9a5b03f98d845f90851dc6a8c'
[    1.449164] Loaded X.509 cert 'Canonical Ltd. Secure Boot Signing (2021 v3): 100437bb6de6e469b581e61cd66bce3ef4ed53af'
[    1.456289] Loaded X.509 cert 'Canonical Ltd. Secure Boot Signing (Ubuntu Core 2019): c1d57b8f6b743f23ee41f4f7ee292f06eecadfb9'
[    1.464087] zswap: loaded using pool lzo/zbud
[    1.494799] Key type big_key registered
[    1.497375] Key type trusted registered
[    1.503038] Key type encrypted registered
[    1.505789] AppArmor: AppArmor sha1 policy hashing enabled
[    1.509357] ima: No TPM chip found, activating TPM-bypass! (rc=-19)
[    1.513315] ima: Allocated hash algorithm: sha1
[    1.516543] evm: HMAC attrs: 0x1
[    1.519791]   Magic number: 12:987:385
[    1.522322] thermal cooling_device0: hash matches
[    1.525991] rtc_cmos rtc_cmos: setting system clock to 2024-02-08 15:21:41 UTC (1707405701)
[    1.531658] BIOS EDD facility v0.16 2004-Jun-25, 0 devices found
[    1.535552] EDD information not available.
[    1.541497] Freeing unused kernel image memory: 2480K
[    1.564921] Write protecting the kernel read-only data: 20480k
[    1.569731] Freeing unused kernel image memory: 2008K
[    1.574354] Freeing unused kernel image memory: 1820K
[    1.584480] x86/mm: Checked W+X mappings: passed, no W+X pages found.
[    1.589292] x86/mm: Checking user space page tables
[    1.599403] x86/mm: Checked W+X mappings: passed, no W+X pages found.
Loading, please wait...
starting version 237
[    1.696701] e1000: Intel(R) PRO/1000 Network Driver - version 7.3.21-k8-NAPI
[    1.702392] e1000: Copyright (c) 1999-2006 Intel Corporation.
[    1.710493] Fusion MPT base driver 3.04.20
[    1.714000] Copyright (c) 1999-2008 LSI Corporation
[    1.746818] AVX2 version of gcm_enc/dec engaged.
[    1.750389] AES CTR mode by8 optimization enabled
[    1.776315] Fusion MPT SPI Host driver 3.04.20
[    1.939297] input: ImExPS/2 Generic Explorer Mouse as /devices/platform/i8042/serio1/input/input4
[    2.259119] e1000 0000:00:03.0 eth0: (PCI:33MHz:32-bit) 02:3b:7b:b7:3b:2d
[    2.263261] e1000 0000:00:03.0 eth0: Intel(R) PRO/1000 Network Connection
[    2.754292] e1000 0000:00:08.0 eth1: (PCI:33MHz:32-bit) 08:00:27:90:94:8c
[    2.759079] e1000 0000:00:08.0 eth1: Intel(R) PRO/1000 Network Connection
[    2.765790] e1000 0000:00:08.0 enp0s8: renamed from eth1
[    2.772101] mptbase: ioc0: Initiating bringup
[    2.781169] e1000 0000:00:03.0 enp0s3: renamed from eth0
[    2.893450] ioc0: LSI53C1030 A0: Capabilities={Initiator}
[    3.141772] scsi host2: ioc0: LSI53C1030 A0, FwRev=00000000h, Ports=1, MaxQ=256, IRQ=20
[    3.335225] scsi 2:0:0:0: Direct-Access     VBOX     HARDDISK         1.0  PQ: 0 ANSI: 5
[    3.397003] scsi target2:0:0: Beginning Domain Validation
[    3.409058] scsi target2:0:0: Domain Validation skipping write tests
[    3.413935] scsi target2:0:0: Ending Domain Validation
[    3.418013] scsi target2:0:0: asynchronous
[    3.422650] scsi 2:0:1:0: Direct-Access     VBOX     HARDDISK         1.0  PQ: 0 ANSI: 5
[    3.452418] scsi target2:0:1: Beginning Domain Validation
[    3.462131] scsi target2:0:1: Domain Validation skipping write tests
[    3.466813] scsi target2:0:1: Ending Domain Validation
[    3.470908] scsi target2:0:1: asynchronous
[    3.481265] sd 2:0:0:0: Attached scsi generic sg0 type 0
[    3.481591] sd 2:0:0:0: [sda] 83886080 512-byte logical blocks: (42.9 GB/40.0 GiB)
[    3.486096] sd 2:0:1:0: Attached scsi generic sg1 type 0
[    3.490551] sd 2:0:0:0: [sda] Write Protect is off
[    3.497874] sd 2:0:0:0: [sda] Incomplete mode parameter data
[    3.497901] sd 2:0:1:0: [sdb] 20480 512-byte logical blocks: (10.5 MB/10.0 MiB)
[    3.501478] sd 2:0:0:0: [sda] Assuming drive cache: write through
[    3.510776] sd 2:0:1:0: [sdb] Write Protect is off
[    3.515221] sd 2:0:1:0: [sdb] Incomplete mode parameter data
[    3.521218]  sda: sda1
[    3.522344] sd 2:0:1:0: [sdb] Assuming drive cache: write through
[    3.530562] sd 2:0:0:0: [sda] Attached SCSI disk
[    3.545329] sd 2:0:1:0: [sdb] Attached SCSI disk
Begin: Loading essential drivers ... [    5.712914] raid6: sse2x1   gen() 11302 MB/s
[    5.760928] raid6: sse2x1   xor()  8608 MB/s
[    5.808858] raid6: sse2x2   gen() 13265 MB/s
[    5.860628] raid6: sse2x2   xor()  9816 MB/s
[    5.908583] raid6: sse2x4   gen() 17774 MB/s
[    5.956909] raid6: sse2x4   xor() 10254 MB/s
[    6.004067] raid6: avx2x1   gen() 23760 MB/s
[    6.052245] raid6: avx2x1   xor() 17380 MB/s
[    6.100734] raid6: avx2x2   gen() 23011 MB/s
[    6.148597] raid6: avx2x2   xor() 17515 MB/s
[    6.200074] raid6: avx2x4   gen() 30081 MB/s
[    6.248625] raid6: avx2x4   xor() 21154 MB/s
[    6.251527] raid6: using algorithm avx2x4 gen() 30081 MB/s
[    6.254770] raid6: .... xor() 21154 MB/s, rmw enabled
[    6.257828] raid6: using avx2x2 recovery algorithm
[    6.262650] xor: automatically using best checksumming function   avx       
[    6.268841] async_tx: api initialized (async)
done.
Begin: Running /scripts/init-premount ... done.
Begin: Mounting root file system ... Begin: Running /scripts/local-top ... done.
Begin: Running /scripts/local-premount ... [    6.329104] Btrfs loaded, crc32c=crc32c-intel
Scanning for Btrfs filesystems
done.
Warning: fsck not present, so skipping root file system
[    6.367772] EXT4-fs (sda1): mounted filesystem with ordered data mode. Opts: (null)
done.
Begin: Running /scripts/local-bottom ... done.
Begin: Running /scripts/init-bottom ... done.
[    6.575171] ip_tables: (C) 2000-2006 Netfilter Core Team
[    6.590586] systemd[1]: systemd 237 running in system mode. (+PAM +AUDIT +SELINUX +IMA +APPARMOR +SMACK +SYSVINIT +UTMP +LIBCRYPTSETUP +GCRYPT +GNUTLS +ACL +XZ +LZ4 +SECCOMP +BLKID +ELFUTILS +KMOD -IDN2 +IDN -PCRE2 default-hierarchy=hybrid)
[    6.603834] systemd[1]: Detected virtualization oracle.
[    6.607646] systemd[1]: Detected architecture x86-64.

Welcome to [1mUbuntu 18.04.6 LTS[0m!

[    6.626320] systemd[1]: Set hostname to <ubuntu>.
[    6.632754] systemd[1]: Initializing machine ID from random generator.
[    6.636857] systemd[1]: Installed transient /etc/machine-id file.
[    6.891590] systemd[1]: Reached target Mounting snaps.
[[0;32m  OK  [0m] Reached target Mounting snaps.
[    6.897962] systemd[1]: Reached target User and Group Name Lookups.
[[0;32m  OK  [0m] Reached target User and Group Name Lookups.
[    6.904595] systemd[1]: Reached target System Time Synchronized.
[[0;32m  OK  [0m] Reached target System Time Synchronized.
[    6.916924] systemd[1]: Created slice User and Session Slice.
[[0;32m  OK  [0m] Created slice User and Session Slice.
[[0;32m  OK  [0m] Started Forward Password Requests to Wall Directory Watch.
[[0;32m  OK  [0m] Reached target Swap.
[[0;32m  OK  [0m] Created slice System Slice.
[[0;32m  OK  [0m] Created slice system-serial\x2dgetty.slice.
[[0;32m  OK  [0m] Listening on Device-mapper event daemon FIFOs.
[[0;32m  OK  [0m] Listening on Syslog Socket.
[[0;32m  OK  [0m] Listening on Journal Socket.
         Starting Uncomplicated firewall...
         Mounting Huge Pages File System...
[[0;32m  OK  [0m] Listening on LVM2 metadata daemon socket.
         Starting Monitoring of LVM2 mirrors…ng dmeventd or progress polling...
         Starting Set the console keyboard layout...
[[0;32m  OK  [0m] Listening on udev Kernel Socket.
         Mounting Kernel Debug File System...
[[0;32m  OK  [0m] Listening on Journal Audit Socket.
         Mounting POSIX Message Queue File System...
         Starting Load Kernel Modules...
[[0;32m  OK  [0m] Listening on LVM2 poll daemon socket.
[[0;32m  OK  [0m] Listening on fsck to fsckd communication Socket.
         Starting File System Check on Root Device...
[[0;32m  OK  [0m] Listening on Network Service Netlink Socket.
[[0;32m  OK  [0m] Listening on Journal Socket (/dev/log).
[[0;32m  OK  [0m] Set up automount Arbitrary Executab…rmats File System Automount Point.
[[0;32m  OK  [0m] Listening on udev Control Socket.
         Starting udev Coldplug all Devices...
[[0;32m  OK  [0m] Reached target Mounted snaps.
         Starting Create list of required st…ce nodes for the current kernel...
[    7.163287] Loading iSCSI transport class v2.0-870.
[[0;32m  OK  [0m] Listening on /dev/initctl Compatibility Named Pipe.
         Starting Journal Service...
[[0;32m  OK  [0m] Reached target Slices.
[[0;32m  OK  [0m] Started Uncomplicated firewall.
[[0;32m  OK  [[    7.248908] iscsi: registered transport (tcp)
0m] Mounted Huge Pages File System.
[[0;32m  OK  [0m] Mounted Kernel Debug File System.
[[0;32m  OK  [0m] Mounted POSIX Message Queue File System.
[[0;32m  OK  [0m] Started File System Check on Root Device.
[[0;32m  OK  [0m] Started Create list of required sta…vice nodes for the current kernel.
[[0;32m  OK  [0m] Started LVM2 metadata daemon.
[[0;32m  OK  [0m] Started File System Check Daemon to report status.
         Starting Create Static Device Nodes in /dev...
         Starting Remount Root and Kernel File Systems...
[[0;32m  OK  [0m] Started Journal Service.
[[0;32m  OK  [0m] Started udev Coldplug all Devices.
[    7.493001] EXT4-fs (sda1): re-mounted. Opts: (null)
[[0;32m  OK  [0m] Started Remount Root and Kernel File Systems.
         Starting Load/Save Random Seed...
[    7.519365] iscsi: registered transport (iser)
         Starting Flush Journal to Persistent Storage...
[[0;32m  OK  [0m] Started Monitoring of LVM2 mirrors,…sing dmeventd or progress polling.
[[0;32m  OK  [0m] Started Load Kernel Modules.
[[0;32m  OK  [0m] Started Load/Save Random Seed.
[[0;32m  OK  [0m] Started Create Static Device Nodes in /dev.
         Starting udev Kernel Device Manager...
         Mounting Kernel Configuration File System...
         Mounting FUSE Control File System...
         Starting Apply Kernel Variables...
[[0;32m  OK  [0m] Mounted Kernel Configuration File System.
[[0;32m  OK  [0m] Mounted FUSE Control File System.
[    7.594704] systemd-journald[410]: Received request to flush runtime journal from PID 1
[[0;32m  OK  [0m] Started udev Kernel Device Manager.
[[0;32m  OK  [0m] Started Apply Kernel Variables.
[[0;32m  OK  [0m] Started Flush Journal to Persistent Storage.
[[0;32m  OK  [0m] Found device /dev/ttyS0.
[[0;32m  OK  [0m] Listening on Load/Save RF Kill Switch Status /dev/rfkill Watch.
         Mounting Arbitrary Executable File Formats File System...
[[0;32m  OK  [0m] Mounted Arbitrary Executable File Formats File System.
[[0;32m  OK  [0m] Started Set the console keyboard layout.
[[0;32m  OK  [0m] Reached target Local File Systems (Pre).
[[0;32m  OK  [0m] Reached target Local File Systems.
         Starting Create Volatile Files and Directories...
         Starting Tell Plymouth To Write Out Runtime Data...
         Starting Commit a transient machine-id on disk...
         Starting Set console font and keymap...
         Starting AppArmor initialization...
         Starting ebtables ruleset management...
[[0;32m  OK  [0m] Started Dispatch Password Requests to Console Directory Watch.
[[0;32m  OK  [0m] Reached target Local Encrypted Volumes.
[[0;32m  OK  [0m] Started Create Volatile Files and Directories.
[[0;32m  OK  [0m] Started Tell Plymouth To Write Out Runtime Data.
         Starting Update UTMP about System Boot/Shutdown...
[[0;32m  OK  [0m] Started Update UTMP about System Boot/Shutdown.
[[0;32m  OK  [0m] Started Commit a transient machine-id on disk.
[[0;32m  OK  [0m] Started ebtables ruleset management.
[[0;32m  OK  [0m] Started AppArmor initialization.
         Starting Load AppArmor profiles managed internally by snapd...
         Starting Initial cloud-init job (pre-networking)...
[[0;32m  OK  [0m] Started Load AppArmor profiles managed internally by snapd.
[[0;32m  OK  [0m] Started Set console font and keymap.
[   11.978288] cloud-init[837]: Cloud-init v. 23.1.2-0ubuntu0~18.04.1 running 'init-local' at Thu, 08 Feb 2024 15:21:51 +0000. Up 11.56 seconds.
[[0;32m  OK  [0m] Started Initial cloud-init job (pre-networking).
[[0;32m  OK  [0m] Reached target Network (Pre).
         Starting Network Service...
[[0;32m  OK  [0m] Started Network Service.
         Starting Wait for Network to be Configured...
         Starting Network Name Resolution...
[[0;32m  OK  [0m] Started Network Name Resolution.
[[0;32m  OK  [0m] Reached target Network.
[[0;32m  OK  [0m] Reached target Host and Network Name Lookups.
[[0;32m  OK  [0m] Started Wait for Network to be Configured.
         Starting Initial cloud-init job (metadata service crawler)...
[   14.130501] cloud-init[975]: Cloud-init v. 23.1.2-0ubuntu0~18.04.1 running 'init' at Thu, 08 Feb 2024 15:21:53 +0000. Up 13.97 seconds.
[   14.135598] cloud-init[975]: ci-info: ++++++++++++++++++++++++++++++++++++++Net device info+++++++++++++++++++++++++++++++++++++++
[   14.142474] cloud-init[975]: ci-info: +--------+-------+----------------------------+---------------+--------+-------------------+
[   14.147698] cloud-init[975]: ci-info: | Device |   Up  |          Address           |      Mask     | Scope  |     Hw-Address    |
[   14.153268] cloud-init[975]: ci-info: +--------+-------+----------------------------+---------------+--------+-------------------+
[   14.158215] cloud-init[975]: ci-info: | enp0s3 |  True |         10.0.2.15          | 255.255.255.0 | global | 02:3b:7b:b7:3b:2d |
[   14.163153] cloud-init[975]: ci-info: | enp0s3 |  True | fe80::3b:7bff:feb7:3b2d/64 |       .       |  link  | 02:3b:7b:b7:3b:2d |
[   14.167878] cloud-init[975]: ci-info: | enp0s8 | False |             .              |       .       |   .    | 08:00:27:90:94:8c |
[   14.172663] cloud-init[975]: ci-info: |   lo   |  True |         127.0.0.1          |   255.0.0.0   |  host  |         .         |
[   14.178567] cloud-init[975]: ci-info: |   lo   |  True |          ::1/128           |       .       |  host  |         .         |
[   14.183197] cloud-init[975]: ci-info: +--------+-------+----------------------------+---------------+--------+-------------------+
[   14.187785] cloud-init[975]: ci-info: ++++++++++++++++++++++++++++Route IPv4 info+++++++++++++++++++++++++++++
[   14.192259] cloud-init[975]: ci-info: +-------+-------------+----------+-----------------+-----------+-------+
[   14.196056] cloud-init[975]: ci-info: | Route | Destination | Gateway  |     Genmask     | Interface | Flags |
[   14.200957] cloud-init[975]: ci-info: +-------+-------------+----------+-----------------+-----------+-------+
[   14.205571] cloud-init[975]: ci-info: |   0   |   0.0.0.0   | 10.0.2.2 |     0.0.0.0     |   enp0s3  |   UG  |
[   14.210200] cloud-init[975]: ci-info: |   1   |   10.0.2.0  | 0.0.0.0  |  255.255.255.0  |   enp0s3  |   U   |
[   14.214401] cloud-init[975]: ci-info: |   2   |   10.0.2.2  | 0.0.0.0  | 255.255.255.255 |   enp0s3  |   UH  |
[   14.218649] cloud-init[975]: ci-info: +-------+-------------+----------+-----------------+-----------+-------+
[   14.223532] cloud-init[975]: ci-info: +++++++++++++++++++Route IPv6 info+++++++++++++++++++
[   14.227200] cloud-init[975]: ci-info: +-------+-------------+---------+-----------+-------+
[   14.230882] cloud-init[975]: ci-info: | Route | Destination | Gateway | Interface | Flags |
[   14.235025] cloud-init[975]: ci-info: +-------+-------------+---------+-----------+-------+
[   14.239334] cloud-init[975]: ci-info: |   1   |  fe80::/64  |    ::   |   enp0s3  |   U   |
[   14.243221] cloud-init[975]: ci-info: |   3   |    local    |    ::   |   enp0s3  |   U   |
[   14.247643] cloud-init[975]: ci-info: |   4   |   ff00::/8  |    ::   |   enp0s3  |   U   |
[   14.251717] cloud-init[975]: ci-info: +-------+-------------+---------+-----------+-------+
[   14.862789] cloud-init[975]: Generating public/private rsa key pair.
[   14.865101] cloud-init[975]: Your identification has been saved in /etc/ssh/ssh_host_rsa_key.
[   14.867587] cloud-init[975]: Your public key has been saved in /etc/ssh/ssh_host_rsa_key.pub.
[   14.870056] cloud-init[975]: The key fingerprint is:
[   14.871480] cloud-init[975]: SHA256:z7nZ1OTEgLAPJzDigPOdKu/siZ7IR1Wd3/NsCGbv2MU root@ubuntu-bionic
[   14.874027] cloud-init[975]: The key's randomart image is:
[   14.875750] cloud-init[975]: +---[RSA 2048]----+
[   14.877585] cloud-init[975]: | .. . o o .      |
[   14.878917] cloud-init[975]: |o  o . + = .     |
[   14.880375] cloud-init[975]: | o .... + + o    |
[   14.881808] cloud-init[975]: |  . o.   = = =   |
[   14.883165] cloud-init[975]: |   ..   S + o X  |
[   14.884638] cloud-init[975]: |. ..     o . B E |
[   14.886115] cloud-init[975]: | o.       + = =  |
[   14.888335] cloud-init[975]: |oooo       * o   |
[[   14.931867] cloud-init[975]: |+**       o .    |
[   14.932410] cloud-init[975]: +----[SHA256]-----+
[0;32m  OK  [0m] Started Initial cloud-init job (metadata service crawler).
[   14.932695] cloud-init[975]: Generating public/private dsa key pair.
[   14.952977] cloud-init[975]: Your identification has been saved in /etc/ssh/ssh_host_dsa_key.
[   14.953126] cloud-init[975]: Your public key has been saved in /etc/ssh/ssh_host_dsa_key.pub.
[   14.953880] cloud-init[975]: The key fingerprint is:
[   14.954443] cloud-init[975]: SHA256:NRsOFcTsu2tq0SB9CqwZSFg6If0eafjz/nFY8z/d+h8 root@ubuntu-bionic
[   14.955085] cloud-init[975]: The key's randomart image is:
[   14.955787] cloud-init[975]: +---[DSA 1024]----+
[   14.956118] cloud-init[975]: |o+.      ++.     |
[   14.956820] cloud-init[975]: |ooo      .o      |
[   14.957482] cloud-init[975]: |o. + o ...+      |
[   14.958268] cloud-init[975]: | .o * + o+o+     |
[   14.958580] cloud-init[975]: |   + = oS==.     |
[   14.958965] cloud-init[975]: |    *   oooo     |
[   14.959729] cloud-init[975]: |     o  o....  E.|
[   14.960058] cloud-init[975]: |      . .oo  .. +|
[   14.960384] cloud-init[975]: |     ..ooo..  o++|
[   14.960706] cloud-init[975]: +----[SHA256]-----+
[   14.961025] cloud-init[975]: Generating public/private ecdsa key pair.
[   14.961353] cloud-init[975]: Your identification has been saved in /etc/ssh/ssh_host_ecdsa_key.
[   14.961665] cloud-init[975]: Your public key has been saved in /etc/ssh/ssh_host_ecdsa_key.pub.
[   14.961997] cloud-init[975]: The key fingerprint is:
[   14.962317] cloud-init[975]: SHA256:X8ff/75BPZ7MWnFf0IA8Dy7IG8ic+RxO4SY0ppskpMM root@ubuntu-bionic
[   14.963043] cloud-init[975]: The key's randomart image is:
[   14.963880] cloud-init[975]: +---[ECDSA 256]---+
[   14.964181] cloud-init[975]: |           . ..  |
[   14.964496] cloud-init[975]: |  .   + .   =  o |
[   14.965179] cloud-init[975]: |.o   * B o . +. .|
[   14.965468] cloud-init[975]: |oE. o B O . .....|
[   14.965785] cloud-init[975]: | . o o BS+ .. o++|
[   14.966096] cloud-init[975]: |    o   =. . .=.O|
[   14.966773] cloud-init[975]: |          .    B+|
[   14.967085] cloud-init[975]: |              o o|
[   14.967409] cloud-init[975]: |             . o*|
[   14.967741] cloud-init[975]: +----[SHA256]-----+
[   14.968067] cloud-init[975]: Generating public/private ed25519 key pair.
[   14.968438] cloud-init[975]: Your identification has been saved in /etc/ssh/ssh_host_ed25519_key.
[   14.968732] cloud-init[975]: Your public key has been saved in /etc/ssh/ssh_host_ed25519_key.pub.
[   14.969064] cloud-init[975]: The key fingerprint is:
[   14.969397] cloud-init[975]: SHA256:lkMIokFgdCynR4SNoT7PxHtwY5wF+wCES/inst09dmg root@ubuntu-bionic
[   14.969732] cloud-init[975]: The key's randomart image is:
[   14.970062] cloud-init[975]: +--[ED25519 256]--+
[   14.970705] cloud-init[975]: |B=@=..           |
[   14.971378] cloud-init[975]: |+O.*..o.         |
[   14.971721] cloud-init[975]: |+.*  o...        |
[   14.972050] cloud-init[975]: |.oo.o =. .       |
[   14.972732] cloud-init[975]: | o.* * .S        |
[   14.973067] cloud-init[975]: |. * = .. .       |
[   14.973396] cloud-init[975]: | + = o .         |
[   14.973727] cloud-init[975]: |. . o E .        |
[   14.974108] cloud-init[975]: |     o o         |
[   14.974395] cloud-init[975]: +----[SHA256]-----+
[[0;32m  OK  [0m] Reached target Network is Online.
         Starting Availability of block devices...
[[0;32m  OK  [0m] Reached target Remote File Systems (Pre).
[[0;32m  OK  [0m] Reached target Remote File Systems.
[[0;32m  OK  [0m] Reached target Cloud-config availability.
[[0;32m  OK  [0m] Reached target System Initialization.
[[0;32m  OK  [0m] Listening on UUID daemon activation socket.
[[0;32m  OK  [0m] Started Message of the Day.
[[0;32m  OK  [0m] Listening on cloud-init hotplug hook socket.
[[0;32m  OK  [0m] Listening on Open-iSCSI iscsid Socket.
[[0;32m  OK  [0m] Started Discard unused blocks once a week.
[[0;32m  OK  [0m] Started Ubuntu Advantage Timer for running repeated jobs.
         Starting LXD - unix socket.
[[0;32m  OK  [0m] Started Daily apt download activities.
[[0;32m  OK  [0m] Listening on D-Bus System Message Bus Socket.
         Starting Socket activation for snappy daemon.
[[0;32m  OK  [0m] Started ACPI Events Check.
[[0;32m  OK  [0m] Reached target Paths.
[[0;32m  OK  [0m] Started Daily apt upgrade and clean activities.
[[0;32m  OK  [0m] Started Daily Cleanup of Temporary Directories.
[[0;32m  OK  [0m] Reached target Timers.
[[0;32m  OK  [0m] Listening on ACPID Listen Socket.
[[0;32m  OK  [0m] Started Availability of block devices.
[[0;32m  OK  [0m] Listening on LXD - unix socket.
[[0;32m  OK  [0m] Listening on Socket activation for snappy daemon.
[[0;32m  OK  [0m] Reached target Sockets.
[[0;32m  OK  [0m] Reached target Basic System.
         Starting LSB: automatic crash report generation...
         Starting LSB: Record successful boot for GRUB...
[[0;32m  OK  [0m] Started Deferred execution scheduler.
[[0;32m  OK  [0m] Started Regular background program processing daemon.
         Starting Dispatcher daemon for systemd-networkd...
[[0;32m  OK  [0m] Reached target Login Prompts (Pre).
         Starting Virtualbox guest utils...
[[0;32m  OK  [0m] Started FUSE filesystem for LXC.
[[0;32m  OK  [0m] Started D-Bus System Message Bus.
         Starting System Logging Service...
         Starting Snap Daemon...
         Starting Login Service...
[[0;32m  OK  [0m] Started irqbalance daemon.
         Starting Accounts Service...
         Starting Permit User Sessions...
         Starting Pollinate to seed the pseudo random number generator...
         Starting LXD - container startup/shutdown...
[[0;32m  OK  [0m] Started System Logging Service.
[[0;32m  OK  [0m] Started Login Service.
[[0;32m  OK  [0m] Started Unattended Upgrades Shutdown.
[[0;32m  OK  [0m] Started Permit User Sessions.
         Starting Hold until boot process finishes up...
         Starting Terminate Plymouth Boot Screen...
[[0;32m  OK  [0m] Started Hold until boot process finishes up.
         Starting Set console scheme...
[[0;32m  OK  [0m] Started Serial Getty on ttyS0.
[[0;32m  OK  [0m] Started Terminate Plymouth Boot Screen.
[[0;32m  OK  [0m] Started LSB: automatic crash report generation.
[[0;32m  OK  [0m] Started Set console scheme.
[[0;32m  OK  [0m] Created slice system-getty.slice.
[[0;32m  OK  [0m] Started Getty on tty1.
[[0;32m  OK  [0m] Reached target Login Prompts.
         Starting Authorization Manager...
[[0;32m  OK  [0m] Started LSB: Record successful boot for GRUB.
[[0;32m  OK  [0m] Started Authorization Manager.
[[0;32m  OK  [0m] Started Accounts Service.
[[0;32m  OK  [0m] Started Virtualbox guest utils.
[[0;32m  OK  [0m] Started LXD - container startup/shutdown.
[[0;32m  OK  [0m] Started Dispatcher daemon for systemd-networkd.
[[0;32m  OK  [0m] Started Snap Daemon.
         Starting Wait until snapd is fully seeded...
[[0;32m  OK  [0m] Started Wait until snapd is fully seeded.
         Starting Apply the settings specified in cloud-config...
         Starting Time & Date Service...
[[0;32m  OK  [0m] Started Time & Date Service.
[[0;32m  OK  [0m] Started Pollinate to seed the pseudo random number generator.
         Starting OpenBSD Secure Shell server...
[[0;32m  OK  [0m] Started OpenBSD Secure Shell server.
[   18.254564] cloud-init[1494]: Cloud-init v. 23.1.2-0ubuntu0~18.04.1 running 'modules:config' at Thu, 08 Feb 2024 15:21:57 +0000. Up 17.75 seconds.
[[0;32m  OK  [0m] Started Apply the settings specified in cloud-config.
[[0;32m  OK  [0m] Reached target Multi-User System.
[[0;32m  OK  [0m] Reached target Graphical Interface.
         Starting Update UTMP about System Runlevel Changes...
         Starting Execute cloud user/final scripts...
[[0;32m  OK  [0m] Started Update UTMP about System Runlevel Changes.
[[0;32m  OK  [0m] Created slice User Slice of vagrant.
         Starting User Manager for UID 1000...
[[0;32m  OK  [0m] Started Session 1 of user vagrant.
[[0;32m  OK  [0m] Started User Manager for UID 1000.
ci-info: no authorized SSH keys fingerprints found for user ubuntu.
<14>Feb  8 15:21:59 cloud-init: #############################################################
<14>Feb  8 15:21:59 cloud-init: -----BEGIN SSH HOST KEY FINGERPRINTS-----
<14>Feb  8 15:21:59 cloud-init: 1024 SHA256:NRsOFcTsu2tq0SB9CqwZSFg6If0eafjz/nFY8z/d+h8 root@ubuntu-bionic (DSA)
<14>Feb  8 15:21:59 cloud-init: 256 SHA256:X8ff/75BPZ7MWnFf0IA8Dy7IG8ic+RxO4SY0ppskpMM root@ubuntu-bionic (ECDSA)
<14>Feb  8 15:21:59 cloud-init: 256 SHA256:lkMIokFgdCynR4SNoT7PxHtwY5wF+wCES/inst09dmg root@ubuntu-bionic (ED25519)
<14>Feb  8 15:21:59 cloud-init: 2048 SHA256:z7nZ1OTEgLAPJzDigPOdKu/siZ7IR1Wd3/NsCGbv2MU root@ubuntu-bionic (RSA)
<14>Feb  8 15:21:59 cloud-init: -----END SSH HOST KEY FINGERPRINTS-----
<14>Feb  8 15:21:59 cloud-init: #############################################################
-----BEGIN SSH HOST KEY KEYS-----
ecdsa-sha2-nistp256 AAAAE2VjZHNhLXNoYTItbmlzdHAyNTYAAAAIbmlzdHAyNTYAAABBBP7civqQqO8KHSSc+Zj3QOsdXDDxaAwiAiX4HT3UY3aiIx8S+E3Cfvt/WhcZ5J2ZkcCCBpUvN+Ud0S2SeYQzf80= root@ubuntu-bionic
ssh-ed25519 AAAAC3NzaC1lZDI1NTE5AAAAIGeJnL22T9mrZzKnL/Tppyfi224ap6/1nyKUI5YXeLeK root@ubuntu-bionic
ssh-rsa AAAAB3NzaC1yc2EAAAADAQABAAABAQDFTbVRrJb/PND4WAoqM5aaqD4Llf4xMjoCA0RL9NRQYwBkHJWehqL1f2pIr+ljM+IRbFoxMALrhawGnUSLf0/YzDpft8fF5OW1oZ2FvAzG+BPA4vMPmsytBEM6C+FFFv12umQ01fpiGl/7V3vrNwFb/AXk/zdaf+asn50gNyuwuWMe9zwNzDTX+iXYvNy/M/ER0lYPkyZ9eIcJMVOFNZBaeDDcjL+5qRZEbUQ68axTazVsOrV7V7pS7FdJxQs655v3ylCxYDoejaMQffaOK5wlph/Mh9cZvsdBZQDmFovtihnLWkaq1BFw9yJWxWdkIyQ8qIT+U5IO0VhgFPbFLiGx root@ubuntu-bionic
-----END SSH HOST KEY KEYS-----
[   19.189579] cloud-init[1584]: Cloud-init v. 23.1.2-0ubuntu0~18.04.1 running 'modules:final' at Thu, 08 Feb 2024 15:21:58 +0000. Up 18.83 seconds.
[   19.194863] cloud-init[1584]: Cloud-init v. 23.1.2-0ubuntu0~18.04.1 finished at Thu, 08 Feb 2024 15:21:59 +0000. Datasource DataSourceNoCloud [seed=/dev/sdb][dsmode=net].  Up 19.18 seconds
[[0;32m  OK  [0m] Started Execute cloud user/final scripts.
[[0;32m  OK  [0m] Reached target Cloud-init target.

Ubuntu 18.04.6 LTS ubuntu-bionic ttyS0

ubuntu-bionic login: 